0 info it worked if it ends with ok
1 verbose cli [ '/usr/local/bin/node', '/usr/local/bin/npm', 'run', 'tsc' ]
2 info using npm@3.10.8
3 info using node@v7.0.0
4 verbose config Skipping project config: /home/juanan/.npmrc. (matches userconfig)
5 verbose stack Error: ENOENT: no such file or directory, open '/home/juanan/package.json'
6 verbose cwd /home/juanan/Proyecto/OnlineVideoTutorials/src/main
7 error Linux 3.13.0-101-generic
8 error argv "/usr/local/bin/node" "/usr/local/bin/npm" "run" "tsc"
9 error node v7.0.0
10 error npm  v3.10.8
11 error path /home/juanan/package.json
12 error code ENOENT
13 error errno -2
14 error syscall open
15 error enoent ENOENT: no such file or directory, open '/home/juanan/package.json'
16 error enoent ENOENT: no such file or directory, open '/home/juanan/package.json'
16 error enoent This is most likely not a problem with npm itself
16 error enoent and is related to npm not being able to find a file.
17 verbose exit [ -2, true ]
