0 info it worked if it ends with ok
1 verbose cli [ '/usr/local/bin/node', '/usr/local/bin/npm', 'start' ]
2 info using npm@3.10.8
3 info using node@v7.0.0
4 verbose run-script [ 'prestart', 'start', 'poststart' ]
5 info lifecycle ovt@1.0.0~prestart: ovt@1.0.0
6 silly lifecycle ovt@1.0.0~prestart: no script for prestart, continuing
7 info lifecycle ovt@1.0.0~start: ovt@1.0.0
8 verbose lifecycle ovt@1.0.0~start: unsafe-perm in lifecycle true
9 verbose lifecycle ovt@1.0.0~start: PATH: /usr/local/lib/node_modules/npm/bin/node-gyp-bin:/home/juanan/Proyecto/OnlineVideoTutorials/src/main/webapp/node_modules/.bin:/usr/local/heroku/bin:/usr/local/spring-1.1.8.RELEASE/bin:/usr/local/apache-maven-3.2.3/bin:/usr/lib/jvm/java-8-oracle/bin:/home/juanan/.gvm/vertx/current/bin:/home/juanan/.gvm/springboot/current/bin:/home/juanan/.gvm/lazybones/current/bin:/home/juanan/.gvm/jbake/current/bin:/home/juanan/.gvm/groovyserv/current/bin:/home/juanan/.gvm/groovy/current/bin:/home/juanan/.gvm/griffon/current/bin:/home/juanan/.gvm/grails/current/bin:/home/juanan/.gvm/gradle/current/bin:/home/juanan/.gvm/glide/current/bin:/home/juanan/.gvm/gaiden/current/bin:/home/juanan/.gvm/crash/current/bin:/usr/local/sbin:/usr/local/bin:/usr/sbin:/usr/bin:/sbin:/bin:/usr/games:/usr/local/games:/usr/lib/jvm/java-8-oracle/bin:/usr/lib/jvm/java-8-oracle/db/bin:/usr/lib/jvm/java-8-oracle/jre/bin:/home/juanan/hadoop-2.6.4/sbin:/home/juanan/hadoop-2.6.4/bin
10 verbose lifecycle ovt@1.0.0~start: CWD: /home/juanan/Proyecto/OnlineVideoTutorials/src/main/webapp
11 silly lifecycle ovt@1.0.0~start: Args: [ '-c', 'tsc && concurrently "npm run tsc:w" "npm run lite" ' ]
12 silly lifecycle ovt@1.0.0~start: Returned: code: 2  signal: null
13 info lifecycle ovt@1.0.0~start: Failed to exec start script
14 verbose stack Error: ovt@1.0.0 start: `tsc && concurrently "npm run tsc:w" "npm run lite" `
14 verbose stack Exit status 2
14 verbose stack     at EventEmitter.<anonymous> (/usr/local/lib/node_modules/npm/lib/utils/lifecycle.js:255:16)
14 verbose stack     at emitTwo (events.js:106:13)
14 verbose stack     at EventEmitter.emit (events.js:191:7)
14 verbose stack     at ChildProcess.<anonymous> (/usr/local/lib/node_modules/npm/lib/utils/spawn.js:40:14)
14 verbose stack     at emitTwo (events.js:106:13)
14 verbose stack     at ChildProcess.emit (events.js:191:7)
14 verbose stack     at maybeClose (internal/child_process.js:877:16)
14 verbose stack     at Process.ChildProcess._handle.onexit (internal/child_process.js:226:5)
15 verbose pkgid ovt@1.0.0
16 verbose cwd /home/juanan/Proyecto/OnlineVideoTutorials/src/main/webapp
17 error Linux 3.13.0-101-generic
18 error argv "/usr/local/bin/node" "/usr/local/bin/npm" "start"
19 error node v7.0.0
20 error npm  v3.10.8
21 error code ELIFECYCLE
22 error ovt@1.0.0 start: `tsc && concurrently "npm run tsc:w" "npm run lite" `
22 error Exit status 2
23 error Failed at the ovt@1.0.0 start script 'tsc && concurrently "npm run tsc:w" "npm run lite" '.
23 error Make sure you have the latest version of node.js and npm installed.
23 error If you do, this is most likely a problem with the ovt package,
23 error not with npm itself.
23 error Tell the author that this fails on your system:
23 error     tsc && concurrently "npm run tsc:w" "npm run lite"
23 error You can get information on how to open an issue for this project with:
23 error     npm bugs ovt
23 error Or if that isn't available, you can get their info via:
23 error     npm owner ls ovt
23 error There is likely additional logging output above.
24 verbose exit [ 1, true ]
